[2022-06-22T22:36:53.439] [DEBUG] cheese - login => username:admin,password:123456
[2022-06-22T22:36:53.443] [DEBUG] cheese - admin
[2022-06-22T22:36:53.460] [DEBUG] cheese - null
[2022-06-22T22:36:53.461] [DEBUG] cheese - null
[2022-06-22T22:38:48.080] [DEBUG] cheese - login => username:admin,password:123456
[2022-06-22T22:38:48.080] [DEBUG] cheese - admin
[2022-06-22T22:38:48.086] [DEBUG] cheese - null
[2022-06-22T22:38:48.086] [DEBUG] cheese - null
[2022-06-22T22:45:35.672] [DEBUG] cheese - login => username:admin,password:123456
[2022-06-22T22:45:35.675] [DEBUG] cheese - admin
[2022-06-22T22:45:35.726] [DEBUG] cheese - null
[2022-06-22T22:45:35.727] [DEBUG] cheese - null
[2022-06-22T22:48:48.689] [DEBUG] cheese - login => username:admin,password:123456
[2022-06-22T22:48:48.689] [DEBUG] cheese - admin
[2022-06-22T22:48:48.693] [DEBUG] cheese - null
[2022-06-22T22:48:48.693] [DEBUG] cheese - null
[2022-06-22T23:07:03.264] [DEBUG] cheese - login => username:admin,password:123456
[2022-06-22T23:07:03.265] [DEBUG] cheese - admin
[2022-06-22T23:07:03.269] [DEBUG] cheese - null
[2022-06-22T23:07:03.270] [DEBUG] cheese - null
[2022-06-23T22:05:54.854] [DEBUG] cheese - login => username:admin,password:123456
[2022-06-23T22:05:54.858] [DEBUG] cheese - admin
[2022-06-23T22:05:54.896] [DEBUG] cheese - null
[2022-06-23T22:05:54.897] [DEBUG] cheese - null
[2022-06-25T11:14:40.824] [DEBUG] cheese - login => username:admin,password:123456
[2022-06-25T11:14:40.825] [DEBUG] cheese - admin
[2022-06-25T11:14:40.894] [DEBUG] cheese - null
[2022-06-25T11:14:40.895] [DEBUG] cheese - null
[2022-06-27T22:12:42.298] [DEBUG] cheese - login => username:sss,password:sss
[2022-06-27T22:12:42.304] [DEBUG] cheese - sss
[2022-06-27T22:12:42.347] [DEBUG] cheese - null
[2022-06-27T22:12:42.348] [DEBUG] cheese - null
[2022-06-27T22:16:55.456] [DEBUG] cheese - login => username:sdsd,password:sdsd
[2022-06-27T22:16:55.456] [DEBUG] cheese - sdsd
[2022-06-27T22:16:55.465] [DEBUG] cheese - null
[2022-06-27T22:16:55.465] [DEBUG] cheese - null
[2022-06-27T22:23:58.760] [DEBUG] cheese - login => username:aaaa,password:aaa
[2022-06-27T22:23:58.762] [DEBUG] cheese - aaaa
[2022-06-27T22:23:58.778] [DEBUG] cheese - null
[2022-06-27T22:23:58.779] [DEBUG] cheese - null
[2022-06-27T22:25:50.799] [DEBUG] cheese - login => username:cada,password:ss
[2022-06-27T22:25:50.799] [DEBUG] cheese - cada
[2022-06-27T22:25:50.804] [DEBUG] cheese - null
[2022-06-27T22:25:50.804] [DEBUG] cheese - null
[2022-06-27T22:26:11.054] [DEBUG] cheese - login => username:sdsad,password:asdsad
[2022-06-27T22:26:11.055] [DEBUG] cheese - sdsad
[2022-06-27T22:26:11.059] [DEBUG] cheese - null
[2022-06-27T22:26:11.060] [DEBUG] cheese - null
[2022-06-27T22:26:40.973] [DEBUG] cheese - login => username:wq,password:qwq
[2022-06-27T22:26:40.974] [DEBUG] cheese - wq
[2022-06-27T22:26:40.977] [DEBUG] cheese - null
[2022-06-27T22:26:40.977] [DEBUG] cheese - null
[2022-06-30T22:35:04.438] [DEBUG] cheese - login => username:admin,password:123456
[2022-06-30T22:35:04.440] [DEBUG] cheese - admin
[2022-06-30T22:35:04.539] [DEBUG] cheese - null
[2022-06-30T22:35:04.539] [DEBUG] cheese - null
[2022-06-30T22:35:19.008] [DEBUG] cheese - login => username:admin,password:1234562
[2022-06-30T22:35:19.009] [DEBUG] cheese - admin
[2022-06-30T22:35:19.013] [DEBUG] cheese - null
[2022-06-30T22:35:19.013] [DEBUG] cheese - null
[2022-06-30T22:35:44.275] [DEBUG] cheese - login => username:admin,password:123
[2022-06-30T22:35:44.275] [DEBUG] cheese - admin
[2022-06-30T22:35:44.282] [DEBUG] cheese - null
[2022-06-30T22:35:44.283] [DEBUG] cheese - null
[2022-06-30T22:37:59.541] [DEBUG] cheese - login => username:www,password:wwww
[2022-06-30T22:37:59.541] [DEBUG] cheese - www
[2022-06-30T22:37:59.552] [DEBUG] cheese - null
[2022-06-30T22:37:59.552] [DEBUG] cheese - null
[2022-06-30T22:40:56.628] [DEBUG] cheese - login => username:sdsds,password:sdsd
[2022-06-30T22:40:56.628] [DEBUG] cheese - sdsds
[2022-06-30T22:40:56.640] [DEBUG] cheese - null
[2022-06-30T22:40:56.640] [DEBUG] cheese - null
[2022-06-30T22:41:16.025] [DEBUG] cheese - login => username:qwqw,password:qwqw
[2022-06-30T22:41:16.025] [DEBUG] cheese - qwqw
[2022-06-30T22:41:16.029] [DEBUG] cheese - null
[2022-06-30T22:41:16.030] [DEBUG] cheese - null
[2022-06-30T22:41:31.012] [DEBUG] cheese - login => username:admin,password:1234567
[2022-06-30T22:41:31.013] [DEBUG] cheese - admin
[2022-06-30T22:41:31.021] [DEBUG] cheese - null
[2022-06-30T22:41:31.021] [DEBUG] cheese - null
[2022-06-30T22:41:40.505] [DEBUG] cheese - login => username:admin,password:123456
[2022-06-30T22:41:40.505] [DEBUG] cheese - admin
[2022-06-30T22:41:40.511] [DEBUG] cheese - null
[2022-06-30T22:41:40.512] [DEBUG] cheese - null
[2022-06-30T22:41:42.326] [DEBUG] cheese - login => username:admin,password:123456
[2022-06-30T22:41:42.327] [DEBUG] cheese - admin
[2022-06-30T22:41:42.331] [DEBUG] cheese - null
[2022-06-30T22:41:42.331] [DEBUG] cheese - null
[2022-06-30T22:43:07.105] [DEBUG] cheese - login => username:admin,password:123456
[2022-06-30T22:43:07.106] [DEBUG] cheese - admin
[2022-06-30T22:43:07.118] [DEBUG] cheese - null
[2022-06-30T22:43:07.118] [DEBUG] cheese - null
[2022-06-30T22:53:52.330] [DEBUG] cheese - login => username:admin,password:123456
[2022-06-30T22:53:52.330] [DEBUG] cheese - admin
[2022-06-30T22:53:52.343] [DEBUG] cheese - null
[2022-06-30T22:53:52.344] [DEBUG] cheese - null
[2022-06-30T22:54:23.825] [DEBUG] cheese - login => username:admin,password:123456
[2022-06-30T22:54:23.825] [DEBUG] cheese - admin
[2022-06-30T22:54:23.834] [DEBUG] cheese - null
[2022-06-30T22:54:23.834] [DEBUG] cheese - null
[2022-07-01T23:33:49.560] [DEBUG] cheese - login => username:admin,password:123456
[2022-07-01T23:33:49.561] [DEBUG] cheese - admin
[2022-07-01T23:33:49.596] [DEBUG] cheese - null
[2022-07-01T23:33:49.596] [DEBUG] cheese - null
[2022-07-01T23:35:49.216] [DEBUG] cheese - login => username:admin,password:123456
[2022-07-01T23:35:49.217] [DEBUG] cheese - admin
[2022-07-01T23:35:49.256] [DEBUG] cheese - null
[2022-07-01T23:35:49.256] [DEBUG] cheese - null
[2022-07-01T23:36:19.896] [DEBUG] cheese - login => username:admin,password:123456
[2022-07-01T23:36:19.896] [DEBUG] cheese - admin
[2022-07-01T23:36:19.901] [DEBUG] cheese - null
[2022-07-01T23:36:19.901] [DEBUG] cheese - null
[2023-06-08T12:54:55.545] [DEBUG] cheese - login => username:admin,password:123456
[2023-06-08T12:54:55.545] [DEBUG] cheese - admin
[2023-06-08T12:54:55.552] [DEBUG] cheese - null
[2023-06-08T12:54:55.552] [DEBUG] cheese - null
[2023-06-08T13:01:33.691] [DEBUG] cheese - login => username:admin,password:123456
[2023-06-08T13:01:33.692] [DEBUG] cheese - admin
[2023-06-08T13:01:33.699] [DEBUG] cheese - null
[2023-06-08T13:01:33.699] [DEBUG] cheese - null
[2023-06-23T13:01:39.254] [DEBUG] cheese - login => username:admin,password:123456
[2023-06-23T13:01:39.255] [DEBUG] cheese - admin
[2023-06-23T13:01:39.273] [DEBUG] cheese - null
[2023-06-23T13:01:39.273] [DEBUG] cheese - null
[2023-06-23T14:44:27.666] [DEBUG] cheese - login => username:asdf1,password:123123
[2023-06-23T14:44:27.667] [DEBUG] cheese - asdf1
[2023-06-23T14:44:27.669] [DEBUG] cheese - null
[2023-06-23T14:44:27.669] [DEBUG] cheese - null
[2023-06-23T18:04:40.680] [DEBUG] cheese - login => username:asdf1,password:123123
[2023-06-23T18:04:40.681] [DEBUG] cheese - asdf1
[2023-06-23T18:04:40.683] [DEBUG] cheese - null
[2023-06-23T18:04:40.683] [DEBUG] cheese - null
[2023-06-23T18:04:50.335] [DEBUG] cheese - login => username:admin,password:12345678
[2023-06-23T18:04:50.335] [DEBUG] cheese - admin
[2023-06-23T18:04:50.336] [DEBUG] cheese - null
[2023-06-23T18:04:50.336] [DEBUG] cheese - null
[2023-06-23T18:04:51.372] [DEBUG] cheese - login => username:admin,password:12345678
[2023-06-23T18:04:51.372] [DEBUG] cheese - admin
[2023-06-23T18:04:51.374] [DEBUG] cheese - null
[2023-06-23T18:04:51.374] [DEBUG] cheese - null
[2023-06-23T18:04:55.452] [DEBUG] cheese - login => username:admin,password:123456
[2023-06-23T18:04:55.453] [DEBUG] cheese - admin
[2023-06-23T18:04:55.454] [DEBUG] cheese - null
[2023-06-23T18:04:55.455] [DEBUG] cheese - null
[2023-06-23T18:10:19.520] [DEBUG] cheese - login => username:asdf,password:asdf
[2023-06-23T18:10:19.521] [DEBUG] cheese - asdf
[2023-06-23T18:10:19.523] [DEBUG] cheese - null
[2023-06-23T18:10:19.523] [DEBUG] cheese - null
[2023-06-23T18:10:23.434] [DEBUG] cheese - login => username:admin,password:123456
[2023-06-23T18:10:23.434] [DEBUG] cheese - admin
[2023-06-23T18:10:23.437] [DEBUG] cheese - null
[2023-06-23T18:10:23.437] [DEBUG] cheese - null
[2023-06-24T13:33:07.211] [DEBUG] cheese - login => username:admin,password:123456
[2023-06-24T13:33:07.212] [DEBUG] cheese - admin
[2023-06-24T13:33:07.219] [DEBUG] cheese - null
[2023-06-24T13:33:07.220] [DEBUG] cheese - null
[2023-06-24T14:06:38.257] [DEBUG] cheese - login => username:testt,password:testtt
[2023-06-24T14:06:38.258] [DEBUG] cheese - testt
[2023-06-24T14:06:38.261] [DEBUG] cheese - null
[2023-06-24T14:06:38.261] [DEBUG] cheese - null
[2023-06-24T14:06:46.168] [DEBUG] cheese - login => username:test,password:testtt
[2023-06-24T14:06:46.168] [DEBUG] cheese - test
[2023-06-24T14:06:46.171] [DEBUG] cheese - null
[2023-06-24T14:06:46.171] [DEBUG] cheese - null
[2023-06-24T14:07:35.584] [DEBUG] cheese - login => username:admin,password:123456
[2023-06-24T14:07:35.584] [DEBUG] cheese - admin
[2023-06-24T14:07:35.586] [DEBUG] cheese - null
[2023-06-24T14:07:35.586] [DEBUG] cheese - null
[2023-06-26T10:33:55.603] [DEBUG] cheese - login => username:admin,password:123456
[2023-06-26T10:33:55.604] [DEBUG] cheese - admin
[2023-06-26T10:33:55.626] [DEBUG] cheese - null
[2023-06-26T10:33:55.627] [DEBUG] cheese - null
[2023-06-26T10:54:34.327] [DEBUG] cheese - login => username:admin,password:123456
[2023-06-26T10:54:34.328] [DEBUG] cheese - admin
[2023-06-26T10:54:34.330] [DEBUG] cheese - null
[2023-06-26T10:54:34.330] [DEBUG] cheese - null
[2023-06-26T10:54:38.637] [DEBUG] cheese - login => username:admin,password:123451
[2023-06-26T10:54:38.637] [DEBUG] cheese - admin
[2023-06-26T10:54:38.639] [DEBUG] cheese - null
[2023-06-26T10:54:38.639] [DEBUG] cheese - null
[2023-06-26T10:54:43.000] [DEBUG] cheese - login => username:admin,password:123456
[2023-06-26T10:54:43.000] [DEBUG] cheese - admin
[2023-06-26T10:54:43.002] [DEBUG] cheese - null
[2023-06-26T10:54:43.002] [DEBUG] cheese - null
